Fibonacci 1 = 0.00000e+00
Fibonacci 2 = 1.00000e+00
Fibonacci 3 = 1.00000e+00
Fibonacci 4 = 2.00000e+00
Fibonacci 5 = 3.00000e+00
Fibonacci 6 = 5.00000e+00
Fibonacci 7 = 8.00000e+00
Fibonacci 8 = 1.30000e+01
Fibonacci 9 = 2.10000e+01
Fibonacci 10 = 3.40000e+01
Fibonacci 11 = 5.50000e+01
Fibonacci 12 = 8.90000e+01
Fibonacci 13 = 1.44000e+02
Fibonacci 14 = 2.33000e+02
Fibonacci 15 = 3.77000e+02
Fibonacci 16 = 6.10000e+02
Fibonacci 17 = 9.87000e+02
Fibonacci 18 = 1.59700e+03
Fibonacci 19 = 2.58400e+03
Fibonacci 20 = 4.18100e+03
Fibonacci 21 = 6.76500e+03
Fibonacci 22 = 1.09460e+04
Fibonacci 23 = 1.77110e+04
Fibonacci 24 = 2.86570e+04
Fibonacci 25 = 4.63680e+04
Fibonacci 26 = 7.50250e+04
Fibonacci 27 = 1.21393e+05
Fibonacci 28 = 1.96418e+05
Fibonacci 29 = 3.17811e+05
Fibonacci 30 = 5.14229e+05
Fibonacci 31 = 8.32040e+05
Fibonacci 32 = 1.34627e+06
Fibonacci 33 = 2.17831e+06
Fibonacci 34 = 3.52458e+06
Fibonacci 35 = 5.70289e+06
Fibonacci 36 = 9.22746e+06
Fibonacci 37 = 1.49304e+07
Fibonacci 38 = 2.41578e+07
Fibonacci 39 = 3.90882e+07
Fibonacci 40 = 6.32460e+07
Fibonacci 41 = 1.02334e+08
Fibonacci 42 = 1.65580e+08
Fibonacci 43 = 2.67914e+08
Fibonacci 44 = 4.33494e+08
Fibonacci 45 = 7.01409e+08
Fibonacci 46 = 1.13490e+09
Fibonacci 47 = 1.83631e+09
Fibonacci 48 = 2.97122e+09
Fibonacci 49 = 4.80753e+09
Fibonacci 50 = 7.77874e+09
Fibonacci 51 = 1.25863e+10
Fibonacci 52 = 2.03650e+10
Fibonacci 53 = 3.29513e+10
Fibonacci 54 = 5.33163e+10
Fibonacci 55 = 8.62676e+10
Fibonacci 56 = 1.39584e+11
Fibonacci 57 = 2.25851e+11
Fibonacci 58 = 3.65435e+11
Fibonacci 59 = 5.91287e+11
Fibonacci 60 = 9.56722e+11
Fibonacci 61 = 1.54801e+12
Fibonacci 62 = 2.50473e+12
Fibonacci 63 = 4.05274e+12
Fibonacci 64 = 6.55747e+12
Fibonacci 65 = 1.06102e+13
Fibonacci 66 = 1.71677e+13
Fibonacci 67 = 2.77779e+13
Fibonacci 68 = 4.49456e+13
Fibonacci 69 = 7.27235e+13
Fibonacci 70 = 1.17669e+14
Fibonacci 71 = 1.90392e+14
Fibonacci 72 = 3.08062e+14
Fibonacci 73 = 4.98454e+14
Fibonacci 74 = 8.06516e+14
Fibonacci 75 = 1.30497e+15
Fibonacci 76 = 2.11149e+15
Fibonacci 77 = 3.41645e+15
Fibonacci 78 = 5.52794e+15
Fibonacci 79 = 8.94439e+15
Fibonacci 80 = 1.44723e+16
Fibonacci 81 = 2.34167e+16
Fibonacci 82 = 3.78891e+16
Fibonacci 83 = 6.13058e+16
Fibonacci 84 = 9.91949e+16
Fibonacci 85 = 1.60501e+17
Fibonacci 86 = 2.59695e+17
Fibonacci 87 = 4.20196e+17
Fibonacci 88 = 6.79892e+17
Fibonacci 89 = 1.10009e+18
Fibonacci 90 = 1.77998e+18
Fibonacci 91 = 2.88007e+18
Fibonacci 92 = 4.66005e+18
Fibonacci 93 = 7.54011e+18
Fibonacci 94 = 1.22002e+19
Fibonacci 95 = 1.97403e+19
Fibonacci 96 = 3.19404e+19
Fibonacci 97 = 5.16807e+19
Fibonacci 98 = 8.36211e+19
Fibonacci 99 = 1.35302e+20
Fibonacci 100 = 2.18923e+20
Fibonacci 101 = 3.54225e+20
Fibonacci 102 = 5.73148e+20
Fibonacci 103 = 9.27373e+20
Fibonacci 104 = 1.50052e+21
Fibonacci 105 = 2.42789e+21
Fibonacci 106 = 3.92841e+21
Fibonacci 107 = 6.35631e+21
Fibonacci 108 = 1.02847e+22
Fibonacci 109 = 1.66410e+22
Fibonacci 110 = 2.69257e+22
Fibonacci 111 = 4.35668e+22
Fibonacci 112 = 7.04925e+22
Fibonacci 113 = 1.14059e+23
Fibonacci 114 = 1.84552e+23
Fibonacci 115 = 2.98611e+23
Fibonacci 116 = 4.83163e+23
Fibonacci 117 = 7.81774e+23
Fibonacci 118 = 1.26494e+24
Fibonacci 119 = 2.04671e+24
Fibonacci 120 = 3.31165e+24
Fibonacci 121 = 5.35836e+24
Fibonacci 122 = 8.67001e+24
Fibonacci 123 = 1.40284e+25
Fibonacci 124 = 2.26984e+25
Fibonacci 125 = 3.67267e+25
Fibonacci 126 = 5.94251e+25
Fibonacci 127 = 9.61519e+25
Fibonacci 128 = 1.55577e+26
Fibonacci 129 = 2.51729e+26
Fibonacci 130 = 4.07306e+26
Fibonacci 131 = 6.59035e+26
Fibonacci 132 = 1.06634e+27
Fibonacci 133 = 1.72538e+27
Fibonacci 134 = 2.79172e+27
Fibonacci 135 = 4.51709e+27
Fibonacci 136 = 7.30881e+27
Fibonacci 137 = 1.18259e+28
Fibonacci 138 = 1.91347e+28
Fibonacci 139 = 3.09606e+28
Fibonacci 140 = 5.00953e+28
Fibonacci 141 = 8.10559e+28
Fibonacci 142 = 1.31151e+29
Fibonacci 143 = 2.12207e+29
Fibonacci 144 = 3.43358e+29
Fibonacci 145 = 5.55565e+29
Fibonacci 146 = 8.98924e+29
Fibonacci 147 = 1.45449e+30
Fibonacci 148 = 2.35341e+30
Fibonacci 149 = 3.80790e+30
Fibonacci 150 = 6.16131e+30
Fibonacci 151 = 9.96922e+30
Fibonacci 152 = 1.61305e+31
Fibonacci 153 = 2.60997e+31
Fibonacci 154 = 4.22303e+31
Fibonacci 155 = 6.83300e+31
Fibonacci 156 = 1.10560e+32
Fibonacci 157 = 1.78890e+32
Fibonacci 158 = 2.89451e+32
Fibonacci 159 = 4.68341e+32
Fibonacci 160 = 7.57792e+32
Fibonacci 161 = 1.22613e+33
Fibonacci 162 = 1.98392e+33
Fibonacci 163 = 3.21006e+33
Fibonacci 164 = 5.19398e+33
Fibonacci 165 = 8.40404e+33
Fibonacci 166 = 1.35980e+34
Fibonacci 167 = 2.20021e+34
Fibonacci 168 = 3.56001e+34
Fibonacci 169 = 5.76021e+34
Fibonacci 170 = 9.32022e+34
Fibonacci 171 = 1.50804e+35
Fibonacci 172 = 2.44007e+35
Fibonacci 173 = 3.94811e+35
Fibonacci 174 = 6.38817e+35
Fibonacci 175 = 1.03363e+36
Fibonacci 176 = 1.67245e+36
Fibonacci 177 = 2.70607e+36
Fibonacci 178 = 4.37852e+36
Fibonacci 179 = 7.08459e+36
Fibonacci 180 = 1.14631e+37
Fibonacci 181 = 1.85477e+37
Fibonacci 182 = 3.00108e+37
Fibonacci 183 = 4.85585e+37
Fibonacci 184 = 7.85694e+37
Fibonacci 185 = 1.27128e+38
Fibonacci 186 = 2.05697e+38
Fibonacci 187 = 3.32825e+38
Fibonacci 188 = 5.38522e+38
Fibonacci 189 = 8.71347e+38
Fibonacci 190 = 1.40987e+39
Fibonacci 191 = 2.28122e+39
Fibonacci 192 = 3.69109e+39
Fibonacci 193 = 5.97230e+39
Fibonacci 194 = 9.66339e+39
Fibonacci 195 = 1.56357e+40
Fibonacci 196 = 2.52991e+40
Fibonacci 197 = 4.09348e+40
Fibonacci 198 = 6.62339e+40
Fibonacci 199 = 1.07169e+41
Fibonacci 200 = 1.73403e+41
Fibonacci 201 = 2.80571e+41
Fibonacci 202 = 4.53974e+41
Fibonacci 203 = 7.34545e+41
Fibonacci 204 = 1.18852e+42
Fibonacci 205 = 1.92306e+42
Fibonacci 206 = 3.11158e+42
Fibonacci 207 = 5.03465e+42
Fibonacci 208 = 8.14623e+42
Fibonacci 209 = 1.31809e+43
Fibonacci 210 = 2.13271e+43
Fibonacci 211 = 3.45080e+43
Fibonacci 212 = 5.58351e+43
Fibonacci 213 = 9.03430e+43
Fibonacci 214 = 1.46178e+44
Fibonacci 215 = 2.36521e+44
Fibonacci 216 = 3.82699e+44
Fibonacci 217 = 6.19220e+44
Fibonacci 218 = 1.00192e+45
Fibonacci 219 = 1.62114e+45
Fibonacci 220 = 2.62306e+45
Fibonacci 221 = 4.24420e+45
Fibonacci 222 = 6.86726e+45
Fibonacci 223 = 1.11115e+46
Fibonacci 224 = 1.79787e+46
Fibonacci 225 = 2.90902e+46
Fibonacci 226 = 4.70689e+46
Fibonacci 227 = 7.61591e+46
Fibonacci 228 = 1.23228e+47
Fibonacci 229 = 1.99387e+47
Fibonacci 230 = 3.22615e+47
Fibonacci 231 = 5.22002e+47
Fibonacci 232 = 8.44617e+47
Fibonacci 233 = 1.36662e+48
Fibonacci 234 = 2.21124e+48
Fibonacci 235 = 3.57786e+48
Fibonacci 236 = 5.78909e+48
Fibonacci 237 = 9.36695e+48
Fibonacci 238 = 1.51560e+49
Fibonacci 239 = 2.45230e+49
Fibonacci 240 = 3.96790e+49
Fibonacci 241 = 6.42020e+49
Fibonacci 242 = 1.03881e+50
Fibonacci 243 = 1.68083e+50
Fibonacci 244 = 2.71964e+50
Fibonacci 245 = 4.40047e+50
Fibonacci 246 = 7.12011e+50
Fibonacci 247 = 1.15206e+51
Fibonacci 248 = 1.86407e+51
Fibonacci 249 = 3.01613e+51
Fibonacci 250 = 4.88020e+51
Fibonacci 251 = 7.89633e+51
Fibonacci 252 = 1.27765e+52
Fibonacci 253 = 2.06728e+52
Fibonacci 254 = 3.34494e+52
Fibonacci 255 = 5.41222e+52
Fibonacci 256 = 8.75716e+52
Fibonacci 257 = 1.41694e+53
Fibonacci 258 = 2.29265e+53
Fibonacci 259 = 3.70959e+53
Fibonacci 260 = 6.00225e+53
Fibonacci 261 = 9.71184e+53
Fibonacci 262 = 1.57141e+54
Fibonacci 263 = 2.54259e+54
Fibonacci 264 = 4.11400e+54
Fibonacci 265 = 6.65659e+54
Fibonacci 266 = 1.07706e+55
Fibonacci 267 = 1.74272e+55
Fibonacci 268 = 2.81978e+55
Fibonacci 269 = 4.56250e+55
Fibonacci 270 = 7.38228e+55
Fibonacci 271 = 1.19448e+56
Fibonacci 272 = 1.93270e+56
Fibonacci 273 = 3.12718e+56
Fibonacci 274 = 5.05989e+56
Fibonacci 275 = 8.18707e+56
Fibonacci 276 = 1.32470e+57
Fibonacci 277 = 2.14340e+57
Fibonacci 278 = 3.46810e+57
Fibonacci 279 = 5.61150e+57
Fibonacci 280 = 9.07960e+57
Fibonacci 281 = 1.46911e+58
Fibonacci 282 = 2.37707e+58
Fibonacci 283 = 3.84618e+58
Fibonacci 284 = 6.22325e+58
Fibonacci 285 = 1.00694e+59
Fibonacci 286 = 1.62927e+59
Fibonacci 287 = 2.63621e+59
Fibonacci 288 = 4.26548e+59
Fibonacci 289 = 6.90169e+59
Fibonacci 290 = 1.11672e+60
Fibonacci 291 = 1.80689e+60
Fibonacci 292 = 2.92360e+60
Fibonacci 293 = 4.73049e+60
Fibonacci 294 = 7.65409e+60
Fibonacci 295 = 1.23846e+61
Fibonacci 296 = 2.00387e+61
Fibonacci 297 = 3.24232e+61
Fibonacci 298 = 5.24619e+61
Fibonacci 299 = 8.48852e+61
Fibonacci 300 = 1.37347e+62
Fibonacci 301 = 2.22232e+62
Fibonacci 302 = 3.59579e+62
Fibonacci 303 = 5.81812e+62
Fibonacci 304 = 9.41391e+62
Fibonacci 305 = 1.52320e+63
Fibonacci 306 = 2.46459e+63
Fibonacci 307 = 3.98780e+63
Fibonacci 308 = 6.45239e+63
Fibonacci 309 = 1.04402e+64
Fibonacci 310 = 1.68926e+64
Fibonacci 311 = 2.73328e+64
Fibonacci 312 = 4.42253e+64
Fibonacci 313 = 7.15581e+64
Fibonacci 314 = 1.15783e+65
Fibonacci 315 = 1.87342e+65
Fibonacci 316 = 3.03125e+65
Fibonacci 317 = 4.90466e+65
Fibonacci 318 = 7.93591e+65
Fibonacci 319 = 1.28406e+66
Fibonacci 320 = 2.07765e+66
Fibonacci 321 = 3.36171e+66
Fibonacci 322 = 5.43936e+66
Fibonacci 323 = 8.80106e+66
Fibonacci 324 = 1.42404e+67
Fibonacci 325 = 2.30415e+67
Fibonacci 326 = 3.72819e+67
Fibonacci 327 = 6.03234e+67
Fibonacci 328 = 9.76053e+67
Fibonacci 329 = 1.57929e+68
Fibonacci 330 = 2.55534e+68
Fibonacci 331 = 4.13463e+68
Fibonacci 332 = 6.68997e+68
Fibonacci 333 = 1.08246e+69
Fibonacci 334 = 1.75146e+69
Fibonacci 335 = 2.83392e+69
Fibonacci 336 = 4.58537e+69
Fibonacci 337 = 7.41929e+69
Fibonacci 338 = 1.20047e+70
Fibonacci 339 = 1.94239e+70
Fibonacci 340 = 3.14286e+70
Fibonacci 341 = 5.08525e+70
Fibonacci 342 = 8.22811e+70
Fibonacci 343 = 1.33134e+71
Fibonacci 344 = 2.15415e+71
Fibonacci 345 = 3.48549e+71
Fibonacci 346 = 5.63963e+71
Fibonacci 347 = 9.12512e+71
Fibonacci 348 = 1.47648e+72
Fibonacci 349 = 2.38899e+72
Fibonacci 350 = 3.86546e+72
Fibonacci 351 = 6.25445e+72
Fibonacci 352 = 1.01199e+73
Fibonacci 353 = 1.63744e+73
Fibonacci 354 = 2.64943e+73
Fibonacci 355 = 4.28686e+73
Fibonacci 356 = 6.93629e+73
Fibonacci 357 = 1.12232e+74
Fibonacci 358 = 1.81594e+74
Fibonacci 359 = 2.93826e+74
Fibonacci 360 = 4.75420e+74
Fibonacci 361 = 7.69246e+74
Fibonacci 362 = 1.24467e+75
Fibonacci 363 = 2.01391e+75
Fibonacci 364 = 3.25858e+75
Fibonacci 365 = 5.27249e+75
Fibonacci 366 = 8.53107e+75
Fibonacci 367 = 1.38036e+76
Fibonacci 368 = 2.23346e+76
Fibonacci 369 = 3.61382e+76
Fibonacci 370 = 5.84728e+76
Fibonacci 371 = 9.46111e+76
Fibonacci 372 = 1.53084e+77
Fibonacci 373 = 2.47695e+77
Fibonacci 374 = 4.00779e+77
Fibonacci 375 = 6.48474e+77
Fibonacci 376 = 1.04925e+78
Fibonacci 377 = 1.69773e+78
Fibonacci 378 = 2.74698e+78
Fibonacci 379 = 4.44471e+78
Fibonacci 380 = 7.19168e+78
Fibonacci 381 = 1.16364e+79
Fibonacci 382 = 1.88281e+79
Fibonacci 383 = 3.04645e+79
Fibonacci 384 = 4.92925e+79
Fibonacci 385 = 7.97570e+79
Fibonacci 386 = 1.29050e+80
Fibonacci 387 = 2.08807e+80
Fibonacci 388 = 3.37856e+80
Fibonacci 389 = 5.46663e+80
Fibonacci 390 = 8.84519e+80
Fibonacci 391 = 1.43118e+81
Fibonacci 392 = 2.31570e+81
Fibonacci 393 = 3.74688e+81
Fibonacci 394 = 6.06258e+81
Fibonacci 395 = 9.80946e+81
Fibonacci 396 = 1.58720e+82
Fibonacci 397 = 2.56815e+82
Fibonacci 398 = 4.15536e+82
Fibonacci 399 = 6.72351e+82
Fibonacci 400 = 1.08789e+83
Fibonacci 401 = 1.76024e+83
Fibonacci 402 = 2.84812e+83
Fibonacci 403 = 4.60836e+83
Fibonacci 404 = 7.45648e+83
Fibonacci 405 = 1.20648e+84
Fibonacci 406 = 1.95213e+84
Fibonacci 407 = 3.15862e+84
Fibonacci 408 = 5.11075e+84
Fibonacci 409 = 8.26937e+84
Fibonacci 410 = 1.33801e+85
Fibonacci 411 = 2.16495e+85
Fibonacci 412 = 3.50296e+85
Fibonacci 413 = 5.66791e+85
Fibonacci 414 = 9.17087e+85
Fibonacci 415 = 1.48388e+86
Fibonacci 416 = 2.40096e+86
Fibonacci 417 = 3.88484e+86
Fibonacci 418 = 6.28581e+86
Fibonacci 419 = 1.01706e+87
Fibonacci 420 = 1.64565e+87
Fibonacci 421 = 2.66271e+87
Fibonacci 422 = 4.30836e+87
Fibonacci 423 = 6.97107e+87
Fibonacci 424 = 1.12794e+88
Fibonacci 425 = 1.82505e+88
Fibonacci 426 = 2.95299e+88
Fibonacci 427 = 4.77804e+88
Fibonacci 428 = 7.73103e+88
Fibonacci 429 = 1.25091e+89
Fibonacci 430 = 2.02401e+89
Fibonacci 431 = 3.27492e+89
Fibonacci 432 = 5.29893e+89
Fibonacci 433 = 8.57384e+89
Fibonacci 434 = 1.38728e+90
Fibonacci 435 = 2.24466e+90
Fibonacci 436 = 3.63194e+90
Fibonacci 437 = 5.87660e+90
Fibonacci 438 = 9.50854e+90
Fibonacci 439 = 1.53851e+91
Fibonacci 440 = 2.48937e+91
Fibonacci 441 = 4.02788e+91
Fibonacci 442 = 6.51725e+91
Fibonacci 443 = 1.05451e+92
Fibonacci 444 = 1.70624e+92
Fibonacci 445 = 2.76075e+92
Fibonacci 446 = 4.46699e+92
Fibonacci 447 = 7.22774e+92
Fibonacci 448 = 1.16947e+93
Fibonacci 449 = 1.89225e+93
Fibonacci 450 = 3.06172e+93
Fibonacci 451 = 4.95397e+93
Fibonacci 452 = 8.01569e+93
Fibonacci 453 = 1.29697e+94
Fibonacci 454 = 2.09853e+94
Fibonacci 455 = 3.39550e+94
Fibonacci 456 = 5.49403e+94
Fibonacci 457 = 8.88953e+94
Fibonacci 458 = 1.43836e+95
Fibonacci 459 = 2.32731e+95
Fibonacci 460 = 3.76567e+95
Fibonacci 461 = 6.09298e+95
Fibonacci 462 = 9.85864e+95
Fibonacci 463 = 1.59516e+96
Fibonacci 464 = 2.58103e+96
Fibonacci 465 = 4.17619e+96
Fibonacci 466 = 6.75721e+96
Fibonacci 467 = 1.09334e+97
Fibonacci 468 = 1.76906e+97
Fibonacci 469 = 2.86240e+97
Fibonacci 470 = 4.63146e+97
Fibonacci 471 = 7.49387e+97
Fibonacci 472 = 1.21253e+98
Fibonacci 473 = 1.96192e+98
Fibonacci 474 = 3.17445e+98
Fibonacci 475 = 5.13637e+98
Fibonacci 476 = 8.31082e+98
Fibonacci 477 = 1.34472e+99
Fibonacci 478 = 2.17580e+99
Fibonacci 479 = 3.52052e+99
Fibonacci 480 = 5.69632e+99
Fibonacci 481 = 9.21685e+99
Fibonacci 482 = 1.49132e+100
Fibonacci 483 = 2.41300e+100
Fibonacci 484 = 3.90432e+100
Fibonacci 485 = 6.31732e+100
Fibonacci 486 = 1.02216e+101
Fibonacci 487 = 1.65390e+101
Fibonacci 488 = 2.67606e+101
Fibonacci 489 = 4.32996e+101
Fibonacci 490 = 7.00602e+101
Fibonacci 491 = 1.13360e+102
Fibonacci 492 = 1.83420e+102
Fibonacci 493 = 2.96780e+102
Fibonacci 494 = 4.80199e+102
Fibonacci 495 = 7.76979e+102
Fibonacci 496 = 1.25718e+103
Fibonacci 497 = 2.03416e+103
Fibonacci 498 = 3.29134e+103
Fibonacci 499 = 5.32549e+103
Fibonacci 500 = 8.61683e+103
Fibonacci 501 = 1.39423e+104
Fibonacci 502 = 2.25592e+104
Fibonacci 503 = 3.65015e+104
Fibonacci 504 = 5.90606e+104
Fibonacci 505 = 9.55621e+104
Fibonacci 506 = 1.54623e+105
Fibonacci 507 = 2.50185e+105
Fibonacci 508 = 4.04808e+105
Fibonacci 509 = 6.54992e+105
Fibonacci 510 = 1.05980e+106
Fibonacci 511 = 1.71479e+106
Fibonacci 512 = 2.77459e+106
Fibonacci 513 = 4.48938e+106
Fibonacci 514 = 7.26398e+106
Fibonacci 515 = 1.17534e+107
Fibonacci 516 = 1.90173e+107
Fibonacci 517 = 3.07707e+107
Fibonacci 518 = 4.97880e+107
Fibonacci 519 = 8.05587e+107
Fibonacci 520 = 1.30347e+108
Fibonacci 521 = 2.10906e+108
Fibonacci 522 = 3.41252e+108
Fibonacci 523 = 5.52158e+108
Fibonacci 524 = 8.93410e+108
Fibonacci 525 = 1.44557e+109
Fibonacci 526 = 2.33898e+109
Fibonacci 527 = 3.78455e+109
Fibonacci 528 = 6.12352e+109
Fibonacci 529 = 9.90807e+109
Fibonacci 530 = 1.60316e+110
Fibonacci 531 = 2.59397e+110
Fibonacci 532 = 4.19713e+110
Fibonacci 533 = 6.79109e+110
Fibonacci 534 = 1.09882e+111
Fibonacci 535 = 1.77793e+111
Fibonacci 536 = 2.87675e+111
Fibonacci 537 = 4.65468e+111
Fibonacci 538 = 7.53144e+111
Fibonacci 539 = 1.21861e+112
Fibonacci 540 = 1.97176e+112
Fibonacci 541 = 3.19037e+112
Fibonacci 542 = 5.16212e+112
Fibonacci 543 = 8.35249e+112
Fibonacci 544 = 1.35146e+113
Fibonacci 545 = 2.18671e+113
Fibonacci 546 = 3.53817e+113
Fibonacci 547 = 5.72488e+113
Fibonacci 548 = 9.26305e+113
Fibonacci 549 = 1.49879e+114
Fibonacci 550 = 2.42510e+114
Fibonacci 551 = 3.92389e+114
Fibonacci 552 = 6.34899e+114
Fibonacci 553 = 1.02729e+115
Fibonacci 554 = 1.66219e+115
Fibonacci 555 = 2.68948e+115
Fibonacci 556 = 4.35166e+115
Fibonacci 557 = 7.04114e+115
Fibonacci 558 = 1.13928e+116
Fibonacci 559 = 1.84339e+116
Fibonacci 560 = 2.98267e+116
Fibonacci 561 = 4.82607e+116
Fibonacci 562 = 7.80874e+116
Fibonacci 563 = 1.26348e+117
Fibonacci 564 = 2.04436e+117
Fibonacci 565 = 3.30784e+117
Fibonacci 566 = 5.35219e+117
Fibonacci 567 = 8.66003e+117
Fibonacci 568 = 1.40122e+118
Fibonacci 569 = 2.26723e+118
Fibonacci 570 = 3.66845e+118
Fibonacci 571 = 5.93567e+118
Fibonacci 572 = 9.60412e+118
Fibonacci 573 = 1.55398e+119
Fibonacci 574 = 2.51439e+119
Fibonacci 575 = 4.06837e+119
Fibonacci 576 = 6.58276e+119
Fibonacci 577 = 1.06511e+120
Fibonacci 578 = 1.72339e+120
Fibonacci 579 = 2.78850e+120
Fibonacci 580 = 4.51189e+120
Fibonacci 581 = 7.30039e+120
Fibonacci 582 = 1.18123e+121
Fibonacci 583 = 1.91127e+121
Fibonacci 584 = 3.09250e+121
Fibonacci 585 = 5.00376e+121
Fibonacci 586 = 8.09626e+121
Fibonacci 587 = 1.31000e+122
Fibonacci 588 = 2.11963e+122
Fibonacci 589 = 3.42963e+122
Fibonacci 590 = 5.54926e+122
Fibonacci 591 = 8.97889e+122
Fibonacci 592 = 1.45282e+123
Fibonacci 593 = 2.35070e+123
Fibonacci 594 = 3.80352e+123
Fibonacci 595 = 6.15422e+123
Fibonacci 596 = 9.95774e+123
Fibonacci 597 = 1.61120e+124
Fibonacci 598 = 2.60697e+124
Fibonacci 599 = 4.21817e+124
Fibonacci 600 = 6.82514e+124
Fibonacci 601 = 1.10433e+125
Fibonacci 602 = 1.78684e+125
Fibonacci 603 = 2.89118e+125
Fibonacci 604 = 4.67802e+125
Fibonacci 605 = 7.56920e+125
Fibonacci 606 = 1.22472e+126
Fibonacci 607 = 1.98164e+126
Fibonacci 608 = 3.20636e+126
Fibonacci 609 = 5.18800e+126
Fibonacci 610 = 8.39437e+126
Fibonacci 611 = 1.35824e+127
Fibonacci 612 = 2.19767e+127
Fibonacci 613 = 3.55591e+127
Fibonacci 614 = 5.75358e+127
Fibonacci 615 = 9.30949e+127
Fibonacci 616 = 1.50631e+128
Fibonacci 617 = 2.43726e+128
Fibonacci 618 = 3.94357e+128
Fibonacci 619 = 6.38082e+128
Fibonacci 620 = 1.03244e+129
Fibonacci 621 = 1.67052e+129
Fibonacci 622 = 2.70296e+129
Fibonacci 623 = 4.37348e+129
Fibonacci 624 = 7.07644e+129
Fibonacci 625 = 1.14499e+130
Fibonacci 626 = 1.85264e+130
Fibonacci 627 = 2.99763e+130
Fibonacci 628 = 4.85026e+130
Fibonacci 629 = 7.84789e+130
Fibonacci 630 = 1.26982e+131
Fibonacci 631 = 2.05461e+131
Fibonacci 632 = 3.32442e+131
Fibonacci 633 = 5.37903e+131
Fibonacci 634 = 8.70345e+131
Fibonacci 635 = 1.40825e+132
Fibonacci 636 = 2.27859e+132
Fibonacci 637 = 3.68684e+132
Fibonacci 638 = 5.96543e+132
Fibonacci 639 = 9.65227e+132
Fibonacci 640 = 1.56177e+133
Fibonacci 641 = 2.52700e+133
Fibonacci 642 = 4.08877e+133
Fibonacci 643 = 6.61576e+133
Fibonacci 644 = 1.07045e+134
Fibonacci 645 = 1.73203e+134
Fibonacci 646 = 2.80248e+134
Fibonacci 647 = 4.53451e+134
Fibonacci 648 = 7.33700e+134
Fibonacci 649 = 1.18715e+135
Fibonacci 650 = 1.92085e+135
Fibonacci 651 = 3.10800e+135
Fibonacci 652 = 5.02885e+135
Fibonacci 653 = 8.13685e+135
Fibonacci 654 = 1.31657e+136
Fibonacci 655 = 2.13026e+136
Fibonacci 656 = 3.44683e+136
Fibonacci 657 = 5.57708e+136
Fibonacci 658 = 9.02391e+136
Fibonacci 659 = 1.46010e+137
Fibonacci 660 = 2.36249e+137
Fibonacci 661 = 3.82259e+137
Fibonacci 662 = 6.18508e+137
Fibonacci 663 = 1.00077e+138
Fibonacci 664 = 1.61927e+138
Fibonacci 665 = 2.62004e+138
Fibonacci 666 = 4.23932e+138
Fibonacci 667 = 6.85936e+138
Fibonacci 668 = 1.10987e+139
Fibonacci 669 = 1.79580e+139
Fibonacci 670 = 2.90567e+139
Fibonacci 671 = 4.70147e+139
Fibonacci 672 = 7.60714e+139
Fibonacci 673 = 1.23086e+140
Fibonacci 674 = 1.99158e+140
Fibonacci 675 = 3.22244e+140
Fibonacci 676 = 5.21401e+140
Fibonacci 677 = 8.43645e+140
Fibonacci 678 = 1.36505e+141
Fibonacci 679 = 2.20869e+141
Fibonacci 680 = 3.57374e+141
Fibonacci 681 = 5.78243e+141
Fibonacci 682 = 9.35617e+141
Fibonacci 683 = 1.51386e+142
Fibonacci 684 = 2.44948e+142
Fibonacci 685 = 3.96334e+142
Fibonacci 686 = 6.41281e+142
Fibonacci 687 = 1.03761e+143
Fibonacci 688 = 1.67890e+143
Fibonacci 689 = 2.71651e+143
Fibonacci 690 = 4.39541e+143
Fibonacci 691 = 7.11192e+143
Fibonacci 692 = 1.15073e+144
Fibonacci 693 = 1.86192e+144
Fibonacci 694 = 3.01266e+144
Fibonacci 695 = 4.87458e+144
Fibonacci 696 = 7.88724e+144
Fibonacci 697 = 1.27618e+145
Fibonacci 698 = 2.06491e+145
Fibonacci 699 = 3.34109e+145
Fibonacci 700 = 5.40599e+145
Fibonacci 701 = 8.74708e+145
Fibonacci 702 = 1.41531e+146
Fibonacci 703 = 2.29002e+146
Fibonacci 704 = 3.70532e+146
Fibonacci 705 = 5.99534e+146
Fibonacci 706 = 9.70066e+146
Fibonacci 707 = 1.56960e+147
Fibonacci 708 = 2.53967e+147
Fibonacci 709 = 4.10927e+147
Fibonacci 710 = 6.64893e+147
Fibonacci 711 = 1.07582e+148
Fibonacci 712 = 1.74071e+148
Fibonacci 713 = 2.81653e+148
Fibonacci 714 = 4.55725e+148
Fibonacci 715 = 7.37378e+148
Fibonacci 716 = 1.19310e+149
Fibonacci 717 = 1.93048e+149
Fibonacci 718 = 3.12358e+149
Fibonacci 719 = 5.05406e+149
Fibonacci 720 = 8.17765e+149
Fibonacci 721 = 1.32317e+150
Fibonacci 722 = 2.14094e+150
Fibonacci 723 = 3.46411e+150
Fibonacci 724 = 5.60504e+150
Fibonacci 725 = 9.06915e+150
Fibonacci 726 = 1.46742e+151
Fibonacci 727 = 2.37433e+151
Fibonacci 728 = 3.84175e+151
Fibonacci 729 = 6.21609e+151
Fibonacci 730 = 1.00578e+152
Fibonacci 731 = 1.62739e+152
Fibonacci 732 = 2.63318e+152
Fibonacci 733 = 4.26057e+152
Fibonacci 734 = 6.89375e+152
Fibonacci 735 = 1.11543e+153
Fibonacci 736 = 1.80481e+153
Fibonacci 737 = 2.92024e+153
Fibonacci 738 = 4.72504e+153
Fibonacci 739 = 7.64528e+153
Fibonacci 740 = 1.23703e+154
Fibonacci 741 = 2.00156e+154
Fibonacci 742 = 3.23859e+154
Fibonacci 743 = 5.24015e+154
Fibonacci 744 = 8.47875e+154
Fibonacci 745 = 1.37189e+155
Fibonacci 746 = 2.21976e+155
Fibonacci 747 = 3.59166e+155
Fibonacci 748 = 5.81142e+155
Fibonacci 749 = 9.40308e+155
Fibonacci 750 = 1.52145e+156
Fibonacci 751 = 2.46176e+156
Fibonacci 752 = 3.98321e+156
Fibonacci 753 = 6.44496e+156
Fibonacci 754 = 1.04282e+157
Fibonacci 755 = 1.68731e+157
Fibonacci 756 = 2.73013e+157
Fibonacci 757 = 4.41744e+157
Fibonacci 758 = 7.14757e+157
Fibonacci 759 = 1.15650e+158
Fibonacci 760 = 1.87126e+158
Fibonacci 761 = 3.02776e+158
Fibonacci 762 = 4.89902e+158
Fibonacci 763 = 7.92678e+158
Fibonacci 764 = 1.28258e+159
Fibonacci 765 = 2.07526e+159
Fibonacci 766 = 3.35784e+159
Fibonacci 767 = 5.43310e+159
Fibonacci 768 = 8.79094e+159
Fibonacci 769 = 1.42240e+160
Fibonacci 770 = 2.30150e+160
Fibonacci 771 = 3.72390e+160
Fibonacci 772 = 6.02540e+160
Fibonacci 773 = 9.74930e+160
Fibonacci 774 = 1.57747e+161
Fibonacci 775 = 2.55240e+161
Fibonacci 776 = 4.12987e+161
Fibonacci 777 = 6.68227e+161
Fibonacci 778 = 1.08121e+162
Fibonacci 779 = 1.74944e+162
Fibonacci 780 = 2.83065e+162
Fibonacci 781 = 4.58009e+162
Fibonacci 782 = 7.41075e+162
Fibonacci 783 = 1.19908e+163
Fibonacci 784 = 1.94016e+163
Fibonacci 785 = 3.13924e+163
Fibonacci 786 = 5.07940e+163
Fibonacci 787 = 8.21865e+163
Fibonacci 788 = 1.32980e+164
Fibonacci 789 = 2.15167e+164
Fibonacci 790 = 3.48147e+164
Fibonacci 791 = 5.63314e+164
Fibonacci 792 = 9.11462e+164
Fibonacci 793 = 1.47478e+165
Fibonacci 794 = 2.38624e+165
Fibonacci 795 = 3.86101e+165
Fibonacci 796 = 6.24725e+165
Fibonacci 797 = 1.01083e+166
Fibonacci 798 = 1.63555e+166
Fibonacci 799 = 2.64638e+166
Fibonacci 800 = 4.28193e+166
Fibonacci 801 = 6.92831e+166
Fibonacci 802 = 1.12102e+167
Fibonacci 803 = 1.81385e+167
Fibonacci 804 = 2.93488e+167
Fibonacci 805 = 4.74873e+167
Fibonacci 806 = 7.68361e+167
Fibonacci 807 = 1.24323e+168
Fibonacci 808 = 2.01160e+168
Fibonacci 809 = 3.25483e+168
Fibonacci 810 = 5.26643e+168
Fibonacci 811 = 8.52126e+168
Fibonacci 812 = 1.37877e+169
Fibonacci 813 = 2.23089e+169
Fibonacci 814 = 3.60966e+169
Fibonacci 815 = 5.84056e+169
Fibonacci 816 = 9.45022e+169
Fibonacci 817 = 1.52908e+170
Fibonacci 818 = 2.47410e+170
Fibonacci 819 = 4.00318e+170
Fibonacci 820 = 6.47728e+170
Fibonacci 821 = 1.04805e+171
Fibonacci 822 = 1.69577e+171
Fibonacci 823 = 2.74382e+171
Fibonacci 824 = 4.43959e+171
Fibonacci 825 = 7.18341e+171
Fibonacci 826 = 1.16230e+172
Fibonacci 827 = 1.88064e+172
Fibonacci 828 = 3.04294e+172
Fibonacci 829 = 4.92358e+172
Fibonacci 830 = 7.96652e+172
Fibonacci 831 = 1.28901e+173
Fibonacci 832 = 2.08566e+173
Fibonacci 833 = 3.37467e+173
Fibonacci 834 = 5.46034e+173
Fibonacci 835 = 8.83501e+173
Fibonacci 836 = 1.42953e+174
Fibonacci 837 = 2.31304e+174
Fibonacci 838 = 3.74257e+174
Fibonacci 839 = 6.05560e+174
Fibonacci 840 = 9.79817e+174
Fibonacci 841 = 1.58538e+175
Fibonacci 842 = 2.56520e+175
Fibonacci 843 = 4.15057e+175
Fibonacci 844 = 6.71577e+175
Fibonacci 845 = 1.08663e+176
Fibonacci 846 = 1.75821e+176
Fibonacci 847 = 2.84485e+176
Fibonacci 848 = 4.60306e+176
Fibonacci 849 = 7.44790e+176
Fibonacci 850 = 1.20510e+177
Fibonacci 851 = 1.94989e+177
Fibonacci 852 = 3.15498e+177
Fibonacci 853 = 5.10487e+177
Fibonacci 854 = 8.25985e+177
Fibonacci 855 = 1.33647e+178
Fibonacci 856 = 2.16246e+178
Fibonacci 857 = 3.49893e+178
Fibonacci 858 = 5.66139e+178
Fibonacci 859 = 9.16031e+178
Fibonacci 860 = 1.48217e+179
Fibonacci 861 = 2.39820e+179
Fibonacci 862 = 3.88037e+179
Fibonacci 863 = 6.27857e+179
Fibonacci 864 = 1.01589e+180
Fibonacci 865 = 1.64375e+180
Fibonacci 866 = 2.65965e+180
Fibonacci 867 = 4.30340e+180
Fibonacci 868 = 6.96304e+180
Fibonacci 869 = 1.12664e+181
Fibonacci 870 = 1.82295e+181
Fibonacci 871 = 2.94959e+181
Fibonacci 872 = 4.77254e+181
Fibonacci 873 = 7.72213e+181
Fibonacci 874 = 1.24947e+182
Fibonacci 875 = 2.02168e+182
Fibonacci 876 = 3.27115e+182
Fibonacci 877 = 5.29283e+182
Fibonacci 878 = 8.56398e+182
Fibonacci 879 = 1.38568e+183
Fibonacci 880 = 2.24208e+183
Fibonacci 881 = 3.62776e+183
Fibonacci 882 = 5.86984e+183
Fibonacci 883 = 9.49760e+183
Fibonacci 884 = 1.53674e+184
Fibonacci 885 = 2.48650e+184
Fibonacci 886 = 4.02325e+184
Fibonacci 887 = 6.50975e+184
Fibonacci 888 = 1.05330e+185
Fibonacci 889 = 1.70427e+185
Fibonacci 890 = 2.75757e+185
Fibonacci 891 = 4.46185e+185
Fibonacci 892 = 7.21942e+185
Fibonacci 893 = 1.16813e+186
Fibonacci 894 = 1.89007e+186
Fibonacci 895 = 3.05820e+186
Fibonacci 896 = 4.94827e+186
Fibonacci 897 = 8.00646e+186
Fibonacci 898 = 1.29547e+187
Fibonacci 899 = 2.09612e+187
Fibonacci 900 = 3.39159e+187
Fibonacci 901 = 5.48771e+187
Fibonacci 902 = 8.87930e+187
Fibonacci 903 = 1.43670e+188
Fibonacci 904 = 2.32463e+188
Fibonacci 905 = 3.76133e+188
Fibonacci 906 = 6.08596e+188
Fibonacci 907 = 9.84730e+188
Fibonacci 908 = 1.59333e+189
Fibonacci 909 = 2.57806e+189
Fibonacci 910 = 4.17138e+189
Fibonacci 911 = 6.74944e+189
Fibonacci 912 = 1.09208e+190
Fibonacci 913 = 1.76703e+190
Fibonacci 914 = 2.85911e+190
Fibonacci 915 = 4.62613e+190
Fibonacci 916 = 7.48524e+190
Fibonacci 917 = 1.21114e+191
Fibonacci 918 = 1.95966e+191
Fibonacci 919 = 3.17080e+191
Fibonacci 920 = 5.13046e+191
Fibonacci 921 = 8.30126e+191
Fibonacci 922 = 1.34317e+192
Fibonacci 923 = 2.17330e+192
Fibonacci 924 = 3.51647e+192
Fibonacci 925 = 5.68977e+192
Fibonacci 926 = 9.20624e+192
Fibonacci 927 = 1.48960e+193
Fibonacci 928 = 2.41022e+193
Fibonacci 929 = 3.89983e+193
Fibonacci 930 = 6.31005e+193
Fibonacci 931 = 1.02099e+194
Fibonacci 932 = 1.65199e+194
Fibonacci 933 = 2.67298e+194
Fibonacci 934 = 4.32497e+194
Fibonacci 935 = 6.99795e+194
Fibonacci 936 = 1.13229e+195
Fibonacci 937 = 1.83209e+195
Fibonacci 938 = 2.96438e+195
Fibonacci 939 = 4.79647e+195
Fibonacci 940 = 7.76085e+195
Fibonacci 941 = 1.25573e+196
Fibonacci 942 = 2.03182e+196
Fibonacci 943 = 3.28755e+196
Fibonacci 944 = 5.31936e+196
Fibonacci 945 = 8.60691e+196
Fibonacci 946 = 1.39263e+197
Fibonacci 947 = 2.25332e+197
Fibonacci 948 = 3.64595e+197
Fibonacci 949 = 5.89927e+197
Fibonacci 950 = 9.54521e+197
Fibonacci 951 = 1.54445e+198
Fibonacci 952 = 2.49897e+198
Fibonacci 953 = 4.04342e+198
Fibonacci 954 = 6.54239e+198
Fibonacci 955 = 1.05858e+199
Fibonacci 956 = 1.71282e+199
Fibonacci 957 = 2.77140e+199
Fibonacci 958 = 4.48422e+199
Fibonacci 959 = 7.25562e+199
Fibonacci 960 = 1.17398e+200
Fibonacci 961 = 1.89955e+200
Fibonacci 962 = 3.07353e+200
Fibonacci 963 = 4.97307e+200
Fibonacci 964 = 8.04660e+200
Fibonacci 965 = 1.30197e+201
Fibonacci 966 = 2.10663e+201
Fibonacci 967 = 3.40860e+201
Fibonacci 968 = 5.51522e+201
Fibonacci 969 = 8.92382e+201
Fibonacci 970 = 1.44390e+202
Fibonacci 971 = 2.33629e+202
Fibonacci 972 = 3.78019e+202
Fibonacci 973 = 6.11648e+202
Fibonacci 974 = 9.89667e+202
Fibonacci 975 = 1.60131e+203
Fibonacci 976 = 2.59098e+203
Fibonacci 977 = 4.19230e+203
Fibonacci 978 = 6.78328e+203
Fibonacci 979 = 1.09756e+204
Fibonacci 980 = 1.77588e+204
Fibonacci 981 = 2.87344e+204
Fibonacci 982 = 4.64933e+204
Fibonacci 983 = 7.52277e+204
Fibonacci 984 = 1.21721e+205
Fibonacci 985 = 1.96949e+205
Fibonacci 986 = 3.18670e+205
Fibonacci 987 = 5.15618e+205
Fibonacci 988 = 8.34288e+205
Fibonacci 989 = 1.34991e+206
Fibonacci 990 = 2.18419e+206
Fibonacci 991 = 3.53410e+206
Fibonacci 992 = 5.71829e+206
Fibonacci 993 = 9.25239e+206
Fibonacci 994 = 1.49707e+207
Fibonacci 995 = 2.42231e+207
Fibonacci 996 = 3.91938e+207
Fibonacci 997 = 6.34169e+207
Fibonacci 998 = 1.02611e+208
Fibonacci 999 = 1.66027e+208
Fibonacci 1000 = 2.68638e+208
